#
# There is insufficient memory for the Java Runtime Environment to continue.
# Native memory allocation (mmap) failed to map 10699173888 bytes for committing reserved memory.
# Possible reasons:
#   The system is out of physical RAM or swap space
#   The process is running with CompressedOops enabled, and the Java Heap may be blocking the growth of the native heap
# Possible solutions:
#   Reduce memory load on the system
#   Increase physical memory or swap space
#   Check if swap backing store is full
#   Decrease Java heap size (-Xmx/-Xms)
#   Decrease number of Java threads
#   Decrease Java thread stack sizes (-Xss)
#   Set larger code cache with -XX:ReservedCodeCacheSize=
#   JVM is running with Zero Based Compressed Oops mode in which the Java heap is
#     placed in the first 32GB address space. The Java Heap base address is the
#     maximum limit for the native heap growth. Please use -XX:HeapBaseMinAddress
#     to set the Java Heap base and to place the Java Heap above 32GB virtual address.
# This output file may be truncated or incomplete.
#
#  Out of Memory Error (os_linux.cpp:2757), pid=29540, tid=0x00007f4a782f9700
#
# JRE version: OpenJDK Runtime Environment (8.0_242-b08) (build 1.8.0_242-8u242-b08-0ubuntu3~18.04-b08)
# Java VM: OpenJDK 64-Bit Server VM (25.242-b08 mixed mode linux-amd64 compressed oops)
# Failed to write core dump. Core dumps have been disabled. To enable core dumping, try "ulimit -c unlimited" before starting Java again
#

---------------  T H R E A D  ---------------

Current thread (0x00007f4aa809d000):  ConcurrentGCThread [stack: 0x00007f4a781fa000,0x00007f4a782fa000] [id=29557]

Stack: [0x00007f4a781fa000,0x00007f4a782fa000],  sp=0x00007f4a782f8a30,  free space=1018k
Native frames: (J=compiled Java code, j=interpreted, Vv=VM code, C=native code)
V  [libjvm.so+0xabba52]
V  [libjvm.so+0x4de2e7]
V  [libjvm.so+0x8f59f0]
V  [libjvm.so+0x8ecabe]
V  [libjvm.so+0xab8220]
V  [libjvm.so+0x4a677f]
V  [libjvm.so+0x5e5e45]
V  [libjvm.so+0x4bd77a]
V  [libjvm.so+0x4bdc86]
V  [libjvm.so+0x4bfe81]
V  [libjvm.so+0x8f2d82]


---------------  P R O C E S S  ---------------

Java Threads: ( => current thread )
  0x00007f4a2c001000 JavaThread "Attach Listener" daemon [_thread_blocked, id=29590, stack(0x00007f4a50b4d000,0x00007f4a50c4e000)]
  0x00007f4aa81f1800 JavaThread "Service Thread" daemon [_thread_blocked, id=29577, stack(0x00007f4a50fbe000,0x00007f4a510bf000)]
  0x00007f4aa81ed000 JavaThread "C1 CompilerThread3" daemon [_thread_blocked, id=29576, stack(0x00007f4a510c0000,0x00007f4a511c0000)]
  0x00007f4aa81eb000 JavaThread "C2 CompilerThread2" daemon [_thread_blocked, id=29575, stack(0x00007f4a511c1000,0x00007f4a512c1000)]
  0x00007f4aa81e9800 JavaThread "C2 CompilerThread1" daemon [_thread_blocked, id=29574, stack(0x00007f4a512c2000,0x00007f4a513c2000)]
  0x00007f4aa81e6800 JavaThread "C2 CompilerThread0" daemon [_thread_blocked, id=29573, stack(0x00007f4a513c3000,0x00007f4a514c3000)]
  0x00007f4aa81e5800 JavaThread "Monitor Ctrl-Break" daemon [_thread_in_native, id=29572, stack(0x00007f4a514c3000,0x00007f4a515c4000)]
  0x00007f4aa8157000 JavaThread "Signal Dispatcher" daemon [_thread_blocked, id=29571, stack(0x00007f4a519ef000,0x00007f4a51af0000)]
  0x00007f4aa8153000 JavaThread "Surrogate Locker Thread (Concurrent GC)" daemon [_thread_blocked, id=29570, stack(0x00007f4a51af0000,0x00007f4a51bf1000)]
  0x00007f4aa8125000 JavaThread "Finalizer" daemon [_thread_blocked, id=29562, stack(0x00007f4a525c0000,0x00007f4a526c1000)]
  0x00007f4aa8120800 JavaThread "Reference Handler" daemon [_thread_blocked, id=29561, stack(0x00007f4a526c1000,0x00007f4a527c2000)]
  0x00007f4aa800e800 JavaThread "main" [_thread_in_Java, id=29545, stack(0x00007f4ab08f9000,0x00007f4ab09f9000)]

Other Threads:
  0x00007f4aa8117000 VMThread [stack: 0x00007f4a527c3000,0x00007f4a528c3000] [id=29560]
  0x00007f4aa81f4000 WatcherThread [stack: 0x00007f4a50ebe000,0x00007f4a50fbe000] [id=29578]

=>0x00007f4aa809d000 (exited) ConcurrentGCThread [stack: 0x00007f4a781fa000,0x00007f4a782fa000] [id=29557]

VM state:not at safepoint (normal execution)

VM Mutex/Monitor currently owned by a thread:  ([mutex/lock_event])
[0x00007f4aa800b6b0] Heap_lock - owner thread: 0x00007f4aa809d000

heap address: 0x00000000c0000000, size: 28672 MB, Compressed Oops mode: Zero based, Oop shift amount: 3
Narrow klass base: 0x0000000000000000, Narrow klass shift: 3
Compressed class space size: 1073741824 Address: 0x00000007c0000000

Heap:
 par new generation   total 154240K, used 52747K [0x00000000c0000000, 0x00000000ca750000, 0x00000000e9990000)
  eden space 137152K,  26% used [0x00000000c0000000, 0x00000000c22d2eb8, 0x00000000c85f0000)
  from space 17088K, 100% used [0x00000000c85f0000, 0x00000000c96a0000, 0x00000000c96a0000)
  to   space 17088K,   0% used [0x00000000c96a0000, 0x00000000c96a0000, 0x00000000ca750000)
 concurrent mark-sweep generation total 15677052K, used 15675277K [0x00000000e9990000, 0x00000004a672f000, 0x00000007c0000000)
 Metaspace       used 8615K, capacity 8830K, committed 8960K, reserved 1056768K
  class space    used 908K, capacity 983K, committed 1024K, reserved 1048576K

Card table byte_map: [0x00007f4a787ff000,0x00007f4a7c000000] byte_map_base: 0x00007f4a781ff000

Marking Bits: (CMSBitMap*) 0x00007f4aa8098768
 Bits: [0x00007f4a553b2000, 0x00007f4a7094bc00)

Mod Union Table: (CMSBitMap*) 0x00007f4aa8098828
 Bits: [0x00007f4a98525000, 0x00007f4a98bfb670)

Polling page: 0x00007f4ab0a11000

CodeCache: size=245760Kb used=5971Kb max_used=7986Kb free=239788Kb
 bounds [0x00007f4a99000000, 0x00007f4a99830000, 0x00007f4aa8000000]
 total_blobs=1673 nmethods=1334 adapters=254
 compilation: enabled

Compilation events (10 events):
Event: 106,724 Thread 0x00007f4aa81eb000 1885       4       java.time.format.Parsed::resolveFields (356 bytes)
Event: 106,733 Thread 0x00007f4aa81e6800 nmethod 1884 0x00007f4a995288d0 code [0x00007f4a99528c80, 0x00007f4a9952a320]
Event: 106,738 Thread 0x00007f4aa81e6800 1886       4       java.time.chrono.IsoChronology::resolveDate (7 bytes)
Event: 106,755 Thread 0x00007f4aa81e6800 nmethod 1886 0x00007f4a9940ae50 code [0x00007f4a9940b160, 0x00007f4a9940c1e8]
Event: 106,765 Thread 0x00007f4aa81e9800 nmethod 1883 0x00007f4a99410090 code [0x00007f4a99410600, 0x00007f4a99412b80]
Event: 106,782 Thread 0x00007f4aa81eb000 nmethod 1885 0x00007f4a99431990 code [0x00007f4a99432080, 0x00007f4a99434da8]
Event: 107,121 Thread 0x00007f4aa81e6800 1887       4       java.time.ZonedDateTime::ofLocal (165 bytes)
Event: 107,134 Thread 0x00007f4aa81e6800 nmethod 1887 0x00007f4a996758d0 code [0x00007f4a99675ba0, 0x00007f4a99676d70]
Event: 107,284 Thread 0x00007f4aa81e9800 1888       4       java.time.ZonedDateTime::of (7 bytes)
Event: 107,284 Thread 0x00007f4aa81e9800 nmethod 1888 0x00007f4a9940ac10 code [0x00007f4a9940ad60, 0x00007f4a9940adc8]

GC Heap History (10 events):
Event: 111,331 GC heap before
{Heap before GC invocations=955 (full 8):
 par new generation   total 154240K, used 154240K [0x00000000c0000000, 0x00000000ca750000, 0x00000000e9990000)
  eden space 137152K, 100% used [0x00000000c0000000, 0x00000000c85f0000, 0x00000000c85f0000)
  from space 17088K, 100% used [0x00000000c96a0000, 0x00000000ca750000, 0x00000000ca750000)
  to   space 17088K,   0% used [0x00000000c85f0000, 0x00000000c85f0000, 0x00000000c96a0000)
 concurrent mark-sweep generation total 15512700K, used 15511009K [0x00000000e9990000, 0x000000049c6af000, 0x00000007c0000000)
 Metaspace       used 8615K, capacity 8830K, committed 8960K, reserved 1056768K
  class space    used 908K, capacity 983K, committed 1024K, reserved 1048576K
Event: 111,386 GC heap after
Heap after GC invocations=956 (full 8):
 par new generation   total 154240K, used 17088K [0x00000000c0000000, 0x00000000ca750000, 0x00000000e9990000)
  eden space 137152K,   0% used [0x00000000c0000000, 0x00000000c0000000, 0x00000000c85f0000)
  from space 17088K, 100% used [0x00000000c85f0000, 0x00000000c96a0000, 0x00000000c96a0000)
  to   space 17088K,   0% used [0x00000000c96a0000, 0x00000000c96a0000, 0x00000000ca750000)
 concurrent mark-sweep generation total 15545532K, used 15543700K [0x00000000e9990000, 0x000000049e6bf000, 0x00000007c0000000)
 Metaspace       used 8615K, capacity 8830K, committed 8960K, reserved 1056768K
  class space    used 908K, capacity 983K, committed 1024K, reserved 1048576K
}
Event: 111,451 GC heap before
{Heap before GC invocations=956 (full 8):
 par new generation   total 154240K, used 154240K [0x00000000c0000000, 0x00000000ca750000, 0x00000000e9990000)
  eden space 137152K, 100% used [0x00000000c0000000, 0x00000000c85f0000, 0x00000000c85f0000)
  from space 17088K, 100% used [0x00000000c85f0000, 0x00000000c96a0000, 0x00000000c96a0000)
  to   space 17088K,   0% used [0x00000000c96a0000, 0x00000000c96a0000, 0x00000000ca750000)
 concurrent mark-sweep generation total 15545532K, used 15543700K [0x00000000e9990000, 0x000000049e6bf000, 0x00000007c0000000)
 Metaspace       used 8615K, capacity 8830K, committed 8960K, reserved 1056768K
  class space    used 908K, capacity 983K, committed 1024K, reserved 1048576K
Event: 111,519 GC heap after
Heap after GC invocations=957 (full 8):
 par new generation   total 154240K, used 17088K [0x00000000c0000000, 0x00000000ca750000, 0x00000000e9990000)
  eden space 137152K,   0% used [0x00000000c0000000, 0x00000000c0000000, 0x00000000c85f0000)
  from space 17088K, 100% used [0x00000000c96a0000, 0x00000000ca750000, 0x00000000ca750000)
  to   space 17088K,   0% used [0x00000000c85f0000, 0x00000000c85f0000, 0x00000000c96a0000)
 concurrent mark-sweep generation total 15579324K, used 15577315K [0x00000000e9990000, 0x00000004a07bf000, 0x00000007c0000000)
 Metaspace       used 8615K, capacity 8830K, committed 8960K, reserved 1056768K
  class space    used 908K, capacity 983K, committed 1024K, reserved 1048576K
}
Event: 111,586 GC heap before
{Heap before GC invocations=957 (full 8):
 par new generation   total 154240K, used 154240K [0x00000000c0000000, 0x00000000ca750000, 0x00000000e9990000)
  eden space 137152K, 100% used [0x00000000c0000000, 0x00000000c85f0000, 0x00000000c85f0000)
  from space 17088K, 100% used [0x00000000c96a0000, 0x00000000ca750000, 0x00000000ca750000)
  to   space 17088K,   0% used [0x00000000c85f0000, 0x00000000c85f0000, 0x00000000c96a0000)
 concurrent mark-sweep generation total 15579324K, used 15577315K [0x00000000e9990000, 0x00000004a07bf000, 0x00000007c0000000)
 Metaspace       used 8615K, capacity 8830K, committed 8960K, reserved 1056768K
  class space    used 908K, capacity 983K, committed 1024K, reserved 1048576K
Event: 111,641 GC heap after
Heap after GC invocations=958 (full 8):
 par new generation   total 154240K, used 17088K [0x00000000c0000000, 0x00000000ca750000, 0x00000000e9990000)
  eden space 137152K,   0% used [0x00000000c0000000, 0x00000000c0000000, 0x00000000c85f0000)
  from space 17088K, 100% used [0x00000000c85f0000, 0x00000000c96a0000, 0x00000000c96a0000)
  to   space 17088K,   0% used [0x00000000c96a0000, 0x00000000c96a0000, 0x00000000ca750000)
 concurrent mark-sweep generation total 15611964K, used 15610113K [0x00000000e9990000, 0x00000004a279f000, 0x00000007c0000000)
 Metaspace       used 8615K, capacity 8830K, committed 8960K, reserved 1056768K
  class space    used 908K, capacity 983K, committed 1024K, reserved 1048576K
}
Event: 111,703 GC heap before
{Heap before GC invocations=958 (full 8):
 par new generation   total 154240K, used 154240K [0x00000000c0000000, 0x00000000ca750000, 0x00000000e9990000)
  eden space 137152K, 100% used [0x00000000c0000000, 0x00000000c85f0000, 0x00000000c85f0000)
  from space 17088K, 100% used [0x00000000c85f0000, 0x00000000c96a0000, 0x00000000c96a0000)
  to   space 17088K,   0% used [0x00000000c96a0000, 0x00000000c96a0000, 0x00000000ca750000)
 concurrent mark-sweep generation total 15611964K, used 15610113K [0x00000000e9990000, 0x00000004a279f000, 0x00000007c0000000)
 Metaspace       used 8615K, capacity 8830K, committed 8960K, reserved 1056768K
  class space    used 908K, capacity 983K, committed 1024K, reserved 1048576K
Event: 111,771 GC heap after
Heap after GC invocations=959 (full 8):
 par new generation   total 154240K, used 17088K [0x00000000c0000000, 0x00000000ca750000, 0x00000000e9990000)
  eden space 137152K,   0% used [0x00000000c0000000, 0x00000000c0000000, 0x00000000c85f0000)
  from space 17088K, 100% used [0x00000000c96a0000, 0x00000000ca750000, 0x00000000ca750000)
  to   space 17088K,   0% used [0x00000000c85f0000, 0x00000000c85f0000, 0x00000000c96a0000)
 concurrent mark-sweep generation total 15644412K, used 15642366K [0x00000000e9990000, 0x00000004a474f000, 0x00000007c0000000)
 Metaspace       used 8615K, capacity 8830K, committed 8960K, reserved 1056768K
  class space    used 908K, capacity 983K, committed 1024K, reserved 1048576K
}
Event: 111,836 GC heap before
{Heap before GC invocations=959 (full 8):
 par new generation   total 154240K, used 154240K [0x00000000c0000000, 0x00000000ca750000, 0x00000000e9990000)
  eden space 137152K, 100% used [0x00000000c0000000, 0x00000000c85f0000, 0x00000000c85f0000)
  from space 17088K, 100% used [0x00000000c96a0000, 0x00000000ca750000, 0x00000000ca750000)
  to   space 17088K,   0% used [0x00000000c85f0000, 0x00000000c85f0000, 0x00000000c96a0000)
 concurrent mark-sweep generation total 15644412K, used 15642366K [0x00000000e9990000, 0x00000004a474f000, 0x00000007c0000000)
 Metaspace       used 8615K, capacity 8830K, committed 8960K, reserved 1056768K
  class space    used 908K, capacity 983K, committed 1024K, reserved 1048576K
Event: 111,897 GC heap after
Heap after GC invocations=960 (full 8):
 par new generation   total 154240K, used 17088K [0x00000000c0000000, 0x00000000ca750000, 0x00000000e9990000)
  eden space 137152K,   0% used [0x00000000c0000000, 0x00000000c0000000, 0x00000000c85f0000)
  from space 17088K, 100% used [0x00000000c85f0000, 0x00000000c96a0000, 0x00000000c96a0000)
  to   space 17088K,   0% used [0x00000000c96a0000, 0x00000000c96a0000, 0x00000000ca750000)
 concurrent mark-sweep generation total 15677052K, used 15675277K [0x00000000e9990000, 0x00000004a672f000, 0x00000007c0000000)
 Metaspace       used 8615K, capacity 8830K, committed 8960K, reserved 1056768K
  class space    used 908K, capacity 983K, committed 1024K, reserved 1048576K
}

Deoptimization events (10 events):
Event: 86,746 Thread 0x00007f4aa800e800 Uncommon trap: reason=unstable_if action=reinterpret pc=0x00007f4a99247174 method=java.time.chrono.IsoChronology.resolveYMD(Ljava/util/Map;Ljava/time/format/ResolverStyle;)Ljava/time/LocalDate; @ 183
Event: 86,746 Thread 0x00007f4aa800e800 Uncommon trap: reason=unstable_if action=reinterpret pc=0x00007f4a992f080c method=java.time.chrono.IsoChronology.resolveYMD(Ljava/util/Map;Ljava/time/format/ResolverStyle;)Ljava/time/LocalDate; @ 183
Event: 105,154 Thread 0x00007f4aa800e800 Uncommon trap: reason=unstable_if action=reinterpret pc=0x00007f4a994d7190 method=java.lang.Integer.compare(II)I @ 2
Event: 105,154 Thread 0x00007f4aa800e800 Uncommon trap: reason=unstable_if action=reinterpret pc=0x00007f4a99290ee8 method=java.lang.Integer.compare(II)I @ 2
Event: 105,155 Thread 0x00007f4aa800e800 Uncommon trap: reason=unstable_if action=reinterpret pc=0x00007f4a991a15ac method=java.time.zone.ZoneRules.getValidOffsets(Ljava/time/LocalDateTime;)Ljava/util/List; @ 10
Event: 105,155 Thread 0x00007f4aa800e800 Uncommon trap: reason=unstable_if action=reinterpret pc=0x00007f4a993b8cdc method=java.time.zone.ZoneRules.getValidOffsets(Ljava/time/LocalDateTime;)Ljava/util/List; @ 10
Event: 106,501 Thread 0x00007f4aa800e800 Uncommon trap: reason=unstable_if action=reinterpret pc=0x00007f4a995dd264 method=java.time.chrono.IsoChronology.resolveYMD(Ljava/util/Map;Ljava/time/format/ResolverStyle;)Ljava/time/LocalDate; @ 144
Event: 106,501 Thread 0x00007f4aa800e800 Uncommon trap: reason=unstable_if action=reinterpret pc=0x00007f4a994fa660 method=java.time.chrono.IsoChronology.resolveYMD(Ljava/util/Map;Ljava/time/format/ResolverStyle;)Ljava/time/LocalDate; @ 144
Event: 106,501 Thread 0x00007f4aa800e800 Uncommon trap: reason=unstable_if action=reinterpret pc=0x00007f4a99275994 method=java.time.chrono.IsoChronology.resolveYMD(Ljava/util/Map;Ljava/time/format/ResolverStyle;)Ljava/time/LocalDate; @ 144
Event: 106,501 Thread 0x00007f4aa800e800 Uncommon trap: reason=unstable_if action=reinterpret pc=0x00007f4a995eab54 method=java.time.chrono.IsoChronology.resolveYMD(Ljava/util/Map;Ljava/time/format/ResolverStyle;)Ljava/time/LocalDate; @ 144

Classes redefined (0 events):
No events

Internal exceptions (10 events):
Event: 0,093 Thread 0x00007f4aa800e800 Exception <a 'java/security/PrivilegedActionException'> (0x00000000c081a1d0) thrown at [/build/openjdk-8-58sEEn/openjdk-8-8u242-b08/src/hotspot/src/share/vm/prims/jvm.cpp, line 1502]
Event: 0,094 Thread 0x00007f4aa800e800 Exception <a 'java/security/PrivilegedActionException'> (0x00000000c081c258) thrown at [/build/openjdk-8-58sEEn/openjdk-8-8u242-b08/src/hotspot/src/share/vm/prims/jvm.cpp, line 1502]
Event: 0,094 Thread 0x00007f4aa800e800 Exception <a 'java/security/PrivilegedActionException'> (0x00000000c081c468) thrown at [/build/openjdk-8-58sEEn/openjdk-8-8u242-b08/src/hotspot/src/share/vm/prims/jvm.cpp, line 1502]
Event: 0,094 Thread 0x00007f4aa800e800 Exception <a 'java/security/PrivilegedActionException'> (0x00000000c081cf40) thrown at [/build/openjdk-8-58sEEn/openjdk-8-8u242-b08/src/hotspot/src/share/vm/prims/jvm.cpp, line 1502]
Event: 0,094 Thread 0x00007f4aa800e800 Exception <a 'java/security/PrivilegedActionException'> (0x00000000c081d150) thrown at [/build/openjdk-8-58sEEn/openjdk-8-8u242-b08/src/hotspot/src/share/vm/prims/jvm.cpp, line 1502]
Event: 0,197 Thread 0x00007f4aa800e800 Exception <a 'java/lang/NoSuchFieldError': method resolution failed> (0x00000000c0ee4c78) thrown at [/build/openjdk-8-58sEEn/openjdk-8-8u242-b08/src/hotspot/src/share/vm/prims/methodHandles.cpp, line 1167]
Event: 0,198 Thread 0x00007f4aa800e800 Exception <a 'java/lang/NoSuchFieldError': method resolution failed> (0x00000000c0ef2c08) thrown at [/build/openjdk-8-58sEEn/openjdk-8-8u242-b08/src/hotspot/src/share/vm/prims/methodHandles.cpp, line 1167]
Event: 0,236 Thread 0x00007f4aa800e800 Exception <a 'java/lang/NoClassDefFoundError': org/slf4j/impl/StaticLoggerBinder> (0x00000000c11a9990) thrown at [/build/openjdk-8-58sEEn/openjdk-8-8u242-b08/src/hotspot/src/share/vm/classfile/systemDictionary.cpp, line 199]
Event: 58,422 Thread 0x00007f4aa800e800 Implicit null exception at 0x00007f4a99412435 to 0x00007f4a99413835
Event: 77,130 Thread 0x00007f4aa800e800 Implicit null exception at 0x00007f4a997a6342 to 0x00007f4a997a6575

Events (10 events):
Event: 111,331 Executing VM operation: GenCollectForAllocation
Event: 111,386 Executing VM operation: GenCollectForAllocation done
Event: 111,451 Executing VM operation: GenCollectForAllocation
Event: 111,519 Executing VM operation: GenCollectForAllocation done
Event: 111,586 Executing VM operation: GenCollectForAllocation
Event: 111,641 Executing VM operation: GenCollectForAllocation done
Event: 111,703 Executing VM operation: GenCollectForAllocation
Event: 111,771 Executing VM operation: GenCollectForAllocation done
Event: 111,836 Executing VM operation: GenCollectForAllocation
Event: 111,897 Executing VM operation: GenCollectForAllocation done


Dynamic libraries:
c0000000-ca750000 rw-p 00000000 00:00 0 
ca750000-e9990000 ---p 00000000 00:00 0 
e9990000-4a672f000 rw-p 00000000 00:00 0 
7242b6000-7c0000000 ---p 00000000 00:00 0 
7c0000000-7c0100000 rw-p 00000000 00:00 0 
7c0100000-800000000 ---p 00000000 00:00 0 
56295aed5000-56295aed6000 r-xp 00000000 08:14 23469937                   /usr/lib/jvm/java-8-openjdk-amd64/jre/bin/java
56295b0d5000-56295b0d6000 r--p 00000000 08:14 23469937                   /usr/lib/jvm/java-8-openjdk-amd64/jre/bin/java
56295b0d6000-56295b0d7000 rw-p 00001000 08:14 23469937                   /usr/lib/jvm/java-8-openjdk-amd64/jre/bin/java
56295cafe000-56295cb1f000 rw-p 00000000 00:00 0                          [heap]
7f4a08000000-7f4a08021000 rw-p 00000000 00:00 0 
7f4a08021000-7f4a0c000000 ---p 00000000 00:00 0 
7f4a10000000-7f4a10021000 rw-p 00000000 00:00 0 
7f4a10021000-7f4a14000000 ---p 00000000 00:00 0 
7f4a14000000-7f4a14021000 rw-p 00000000 00:00 0 
7f4a14021000-7f4a18000000 ---p 00000000 00:00 0 
7f4a18000000-7f4a1a07e000 rw-p 00000000 00:00 0 
7f4a1a07e000-7f4a1c000000 ---p 00000000 00:00 0 
7f4a1c000000-7f4a1c8f0000 rw-p 00000000 00:00 0 
7f4a1c8f0000-7f4a20000000 ---p 00000000 00:00 0 
7f4a20000000-7f4a21d1a000 rw-p 00000000 00:00 0 
7f4a21d1a000-7f4a24000000 ---p 00000000 00:00 0 
7f4a24000000-7f4a262e1000 rw-p 00000000 00:00 0 
7f4a262e1000-7f4a28000000 ---p 00000000 00:00 0 
7f4a28000000-7f4a28021000 rw-p 00000000 00:00 0 
7f4a28021000-7f4a2c000000 ---p 00000000 00:00 0 
7f4a2c000000-7f4a2c021000 rw-p 00000000 00:00 0 
7f4a2c021000-7f4a30000000 ---p 00000000 00:00 0 
7f4a30fff000-7f4a34000000 rw-p 00000000 00:00 0 
7f4a34000000-7f4a34021000 rw-p 00000000 00:00 0 
7f4a34021000-7f4a38000000 ---p 00000000 00:00 0 
7f4a38000000-7f4a38021000 rw-p 00000000 00:00 0 
7f4a38021000-7f4a3c000000 ---p 00000000 00:00 0 
7f4a3c000000-7f4a3c021000 rw-p 00000000 00:00 0 
7f4a3c021000-7f4a40000000 ---p 00000000 00:00 0 
7f4a40000000-7f4a40021000 rw-p 00000000 00:00 0 
7f4a40021000-7f4a44000000 ---p 00000000 00:00 0 
7f4a44000000-7f4a44021000 rw-p 00000000 00:00 0 
7f4a44021000-7f4a48000000 ---p 00000000 00:00 0 
7f4a48000000-7f4a48021000 rw-p 00000000 00:00 0 
7f4a48021000-7f4a4c000000 ---p 00000000 00:00 0 
7f4a4c000000-7f4a4c021000 rw-p 00000000 00:00 0 
7f4a4c021000-7f4a50000000 ---p 00000000 00:00 0 
7f4a50b4d000-7f4a50b50000 ---p 00000000 00:00 0 
7f4a50b50000-7f4a50c4e000 rw-p 00000000 00:00 0 
7f4a50cc4000-7f4a50cc9000 r--s 00036000 08:14 3933734                    /home/leo/.m2/repository/com/google/code/gson/gson/2.8.6/gson-2.8.6.jar
7f4a50cc9000-7f4a50cd0000 r--s 0004b000 08:14 3803551                    /home/leo/.m2/repository/commons-codec/commons-codec/1.11/commons-codec-1.11.jar
7f4a50cd0000-7f4a50cd2000 r--s 0000e000 08:14 3672763                    /home/leo/.m2/repository/commons-logging/commons-logging/1.2/commons-logging-1.2.jar
7f4a50cd2000-7f4a50cda000 r--s 00049000 08:14 3933762                    /home/leo/.m2/repository/org/apache/httpcomponents/httpcore/4.4.12/httpcore-4.4.12.jar
7f4a50cda000-7f4a50ce7000 r--s 000b1000 08:14 3933760                    /home/leo/.m2/repository/org/apache/httpcomponents/httpclient/4.5.10/httpclient-4.5.10.jar
7f4a50ce7000-7f4a50ce9000 r--s 00009000 08:14 3672472                    /home/leo/.m2/repository/org/hamcrest/hamcrest-core/1.3/hamcrest-core-1.3.jar
7f4a50ce9000-7f4a50cf0000 r--s 00000000 08:14 23856579                   /usr/lib/x86_64-linux-gnu/gconv/gconv-modules.cache
7f4a50cf0000-7f4a50d16000 r--p 00000000 08:14 25050121                   /usr/share/locale-langpack/de/LC_MESSAGES/libc.mo
7f4a50d16000-7f4a50d1c000 r--s 00036000 08:14 3933758                    /home/leo/.m2/repository/junit/junit/4.11-beta-1/junit-4.11-beta-1.jar
7f4a50d1c000-7f4a50d1e000 r--s 00008000 08:14 3933756                    /home/leo/.m2/repository/com/github/stefanbirkner/system-rules/1.19.0/system-rules-1.19.0.jar
7f4a50d1e000-7f4a50d20000 r--s 00000000 08:14 3933700                    /home/leo/.m2/repository/com/github/SENERGY-Platform/util-dateparser/c6827b0cdb19c69b5b8e914f7eb1dbf28709efdc/util-dateparser-c6827b0cdb19c69b5b8e914f7eb1dbf28709efdc.jar
7f4a50d20000-7f4a50d24000 r--s 00db3000 08:14 3016783                    /home/leo/.m2/repository/org/rocksdb/rocksdbjni/5.15.10/rocksdbjni-5.15.10.jar
7f4a50d24000-7f4a50d28000 r--s 0002a000 08:14 3672647                    /home/leo/.m2/repository/commons-io/commons-io/2.4/commons-io-2.4.jar
7f4a50d28000-7f4a50d2a000 r--s 0000c000 08:14 3933751                    /home/leo/.m2/repository/org/ow2/asm/asm/5.0.4/asm-5.0.4.jar
7f4a50d2a000-7f4a50d2c000 r--s 00006000 08:14 3933752                    /home/leo/.m2/repository/net/minidev/accessors-smart/1.2/accessors-smart-1.2.jar
7f4a50d2c000-7f4a50d2f000 r--s 0001b000 08:14 3933750                    /home/leo/.m2/repository/net/minidev/json-smart/2.3/json-smart-2.3.jar
7f4a50d2f000-7f4a50d35000 r--s 00031000 08:14 3016781                    /home/leo/.m2/repository/com/jayway/jsonpath/json-path/2.4.0/json-path-2.4.0.jar
7f4a50d35000-7f4a50d37000 r--s 0000c000 08:14 2098979                    /home/leo/.m2/repository/org/json/json/20160810/json-20160810.jar
7f4a50d37000-7f4a50d39000 r--s 001eb000 08:14 3933748                    /home/leo/.m2/repository/org/xerial/snappy/snappy-java/1.1.7.1/snappy-java-1.1.7.1.jar
7f4a50d39000-7f4a50d3c000 r--s 00058000 08:14 1318686                    /home/leo/.m2/repository/org/lz4/lz4-java/1.4.1/lz4-java-1.4.1.jar
7f4a50d3c000-7f4a50d5a000 r--s 00186000 08:14 3933733                    /home/leo/.m2/repository/org/apache/kafka/kafka-clients/1.1.1/kafka-clients-1.1.1.jar
7f4a50d5a000-7f4a50d67000 r--s 000c8000 08:14 3672339                    /home/leo/.m2/repository/org/apache/zookeeper/zookeeper/3.4.10/zookeeper-3.4.10.jar
7f4a50d67000-7f4a50d6a000 r--s 00010000 08:14 2098977                    /home/leo/.m2/repository/com/101tec/zkclient/0.10/zkclient-0.10.jar
7f4a50d6a000-7f4a50d6c000 r--s 00012000 08:14 3933746                    /home/leo/.m2/repository/com/typesafe/scala-logging/scala-logging_2.11/3.8.0/scala-logging_2.11-3.8.0.jar
7f4a50d6c000-7f4a50db9000 r--s 0041c000 08:14 3933745                    /home/leo/.m2/repository/org/scala-lang/scala-reflect/2.11.12/scala-reflect-2.11.12.jar
7f4a50db9000-7f4a50e12000 r--s 00523000 08:14 3672421                    /home/leo/.m2/repository/org/scala-lang/scala-library/2.11.12/scala-library-2.11.12.jar
7f4a50e12000-7f4a50e25000 r--s 00137000 08:14 3933736                    /home/leo/.m2/repository/com/fasterxml/jackson/core/jackson-databind/2.9.6/jackson-databind-2.9.6.jar
7f4a50e25000-7f4a50ebd000 r--s 0075d000 08:14 3933722                    /home/leo/.m2/repository/org/apache/kafka/kafka_2.11/1.1.1/kafka_2.11-1.1.1.jar
7f4a50ebd000-7f4a50ebe000 ---p 00000000 00:00 0 
7f4a50ebe000-7f4a50fbe000 rw-p 00000000 00:00 0 
7f4a50fbe000-7f4a50fc1000 ---p 00000000 00:00 0 
7f4a50fc1000-7f4a510bf000 rw-p 00000000 00:00 0 
7f4a510bf000-7f4a510c0000 ---p 00000000 00:00 0 
7f4a510c0000-7f4a510c3000 ---p 00000000 00:00 0 
7f4a510c3000-7f4a511c0000 rw-p 00000000 00:00 0 
7f4a511c0000-7f4a511c1000 ---p 00000000 00:00 0 
7f4a511c1000-7f4a511c4000 ---p 00000000 00:00 0 
7f4a511c4000-7f4a512c1000 rw-p 00000000 00:00 0 
7f4a512c1000-7f4a512c2000 ---p 00000000 00:00 0 
7f4a512c2000-7f4a512c5000 ---p 00000000 00:00 0 
7f4a512c5000-7f4a513c2000 rw-p 00000000 00:00 0 
7f4a513c2000-7f4a513c3000 ---p 00000000 00:00 0 
7f4a513c3000-7f4a513c6000 ---p 00000000 00:00 0 
7f4a513c6000-7f4a514c3000 rw-p 00000000 00:00 0 
7f4a514c3000-7f4a514c6000 ---p 00000000 00:00 0 
7f4a514c6000-7f4a515c4000 rw-p 00000000 00:00 0 
7f4a515c4000-7f4a515db000 r-xp 00000000 08:14 23470413                   /usr/lib/jvm/java-8-openjdk-amd64/jre/lib/amd64/libnet.so
7f4a515db000-7f4a517da000 ---p 00017000 08:14 23470413                   /usr/lib/jvm/java-8-openjdk-amd64/jre/lib/amd64/libnet.so
7f4a517da000-7f4a517db000 r--p 00016000 08:14 23470413                   /usr/lib/jvm/java-8-openjdk-amd64/jre/lib/amd64/libnet.so
7f4a517db000-7f4a517dc000 rw-p 00017000 08:14 23470413                   /usr/lib/jvm/java-8-openjdk-amd64/jre/lib/amd64/libnet.so
7f4a517dc000-7f4a517ed000 r-xp 00000000 08:14 23470414                   /usr/lib/jvm/java-8-openjdk-amd64/jre/lib/amd64/libnio.so
7f4a517ed000-7f4a519ed000 ---p 00011000 08:14 23470414                   /usr/lib/jvm/java-8-openjdk-amd64/jre/lib/amd64/libnio.so
7f4a519ed000-7f4a519ee000 r--p 00011000 08:14 23470414                   /usr/lib/jvm/java-8-openjdk-amd64/jre/lib/amd64/libnio.so
7f4a519ee000-7f4a519ef000 rw-p 00012000 08:14 23470414                   /usr/lib/jvm/java-8-openjdk-amd64/jre/lib/amd64/libnio.so
7f4a519ef000-7f4a519f2000 ---p 00000000 00:00 0 
7f4a519f2000-7f4a51af0000 rw-p 00000000 00:00 0 
7f4a51af0000-7f4a51af3000 ---p 00000000 00:00 0 
7f4a51af3000-7f4a51bf1000 rw-p 00000000 00:00 0 
7f4a51bf1000-7f4a525c0000 r--p 00000000 08:14 23466544                   /usr/lib/locale/locale-archive
7f4a525c0000-7f4a525c3000 ---p 00000000 00:00 0 
7f4a525c3000-7f4a526c1000 rw-p 00000000 00:00 0 
7f4a526c1000-7f4a526c4000 ---p 00000000 00:00 0 
7f4a526c4000-7f4a527c2000 rw-p 00000000 00:00 0 
7f4a527c2000-7f4a527c3000 ---p 00000000 00:00 0 
7f4a527c3000-7f4a52911000 rw-p 00000000 00:00 0 
7f4a52911000-7f4a52ae1000 r--s 03c68000 08:14 23470492                   /usr/lib/jvm/java-8-openjdk-amd64/jre/lib/rt.jar
7f4a52ae1000-7f4a53372000 rw-p 00000000 00:00 0 
7f4a53372000-7f4a533b2000 ---p 00000000 00:00 0 
7f4a533b2000-7f4a72733000 rw-p 00000000 00:00 0 
7f4a72733000-7f4a74000000 ---p 00000000 00:00 0 
7f4a74000000-7f4a7425a000 rw-p 00000000 00:00 0 
7f4a7425a000-7f4a78000000 ---p 00000000 00:00 0 
7f4a78000000-7f4a78003000 r--s 00012000 08:14 3933740                    /home/leo/.m2/repository/com/yammer/metrics/metrics-core/2.2.0/metrics-core-2.2.0.jar
7f4a78003000-7f4a78006000 r--s 00011000 08:14 3933739                    /home/leo/.m2/repository/net/sf/jopt-simple/jopt-simple/5.0.4/jopt-simple-5.0.4.jar
7f4a78006000-7f4a78018000 r--s 000b8000 08:14 3933723                    /home/leo/.m2/repository/org/apache/kafka/kafka-streams/1.1.1/kafka-streams-1.1.1.jar
7f4a78018000-7f4a7802b000 r--s 00346000 08:14 23470491                   /usr/lib/jvm/java-8-openjdk-amd64/jre/lib/resources.jar
7f4a7802b000-7f4a781f9000 rw-p 00000000 00:00 0 
7f4a781f9000-7f4a781fa000 ---p 00000000 00:00 0 
7f4a781fa000-7f4a78853000 rw-p 00000000 00:00 0 
7f4a78853000-7f4a7894b000 ---p 00000000 00:00 0 
7f4a7894b000-7f4a7a733000 rw-p 00000000 00:00 0 
7f4a7a733000-7f4a7bfff000 ---p 00000000 00:00 0 
7f4a7bfff000-7f4a7c000000 rw-p 00000000 00:00 0 
7f4a7c000000-7f4a7c2c4000 rw-p 00000000 00:00 0 
7f4a7c2c4000-7f4a80000000 ---p 00000000 00:00 0 
7f4a80000000-7f4a802c9000 rw-p 00000000 00:00 0 
7f4a802c9000-7f4a84000000 ---p 00000000 00:00 0 
7f4a84000000-7f4a84203000 rw-p 00000000 00:00 0 
7f4a84203000-7f4a88000000 ---p 00000000 00:00 0 
7f4a88000000-7f4a8832d000 rw-p 00000000 00:00 0 
7f4a8832d000-7f4a8c000000 ---p 00000000 00:00 0 
7f4a8c000000-7f4a8c202000 rw-p 00000000 00:00 0 
7f4a8c202000-7f4a90000000 ---p 00000000 00:00 0 
7f4a90000000-7f4a90239000 rw-p 00000000 00:00 0 
7f4a90239000-7f4a94000000 ---p 00000000 00:00 0 
7f4a94000000-7f4a94304000 rw-p 00000000 00:00 0 
7f4a94304000-7f4a98000000 ---p 00000000 00:00 0 
7f4a98000000-7f4a98005000 r--s 0004b000 08:14 3933725                    /home/leo/.m2/repository/com/fasterxml/jackson/core/jackson-core/2.9.6/jackson-core-2.9.6.jar
7f4a98005000-7f4a98020000 r--s 00394000 08:14 23470432                   /usr/lib/jvm/java-8-openjdk-amd64/jre/lib/ext/cldrdata.jar
7f4a98020000-7f4a98323000 rw-p 00000000 00:00 0 
7f4a98323000-7f4a98324000 ---p 00000000 00:00 0 
7f4a98324000-7f4a98424000 rw-p 00000000 00:00 0 
7f4a98424000-7f4a98425000 ---p 00000000 00:00 0 
7f4a98425000-7f4a99000000 rw-p 00000000 00:00 0 
7f4a99000000-7f4a99830000 rwxp 00000000 00:00 0 
7f4a99830000-7f4aa8000000 ---p 00000000 00:00 0 
7f4aa8000000-7f4aa8633000 rw-p 00000000 00:00 0 
7f4aa8633000-7f4aac000000 ---p 00000000 00:00 0 
7f4aac000000-7f4aac003000 r--s 0000e000 08:14 3672752                    /home/leo/.m2/repository/com/fasterxml/jackson/core/jackson-annotations/2.9.0/jackson-annotations-2.9.0.jar
7f4aac003000-7f4aac005000 r--s 00009000 08:14 3672565                    /home/leo/.m2/repository/org/slf4j/slf4j-api/1.7.25/slf4j-api-1.7.25.jar
7f4aac005000-7f4aac007000 r--s 00014000 08:14 3933726                    /home/leo/.m2/repository/org/apache/kafka/connect-api/1.1.1/connect-api-1.1.1.jar
7f4aac007000-7f4aac008000 r--s 0000a000 08:14 3933728                    /home/leo/.m2/repository/org/apache/kafka/connect-json/1.1.1/connect-json-1.1.1.jar
7f4aac008000-7f4aac009000 r--s 00004000 08:14 3933697                    /home/leo/.m2/repository/com/github/SENERGY-Platform/analytics-operator-lib/bf1bf0b2a92d2c7b21c236facd007e260a37bc17/analytics-operator-lib-bf1bf0b2a92d2c7b21c236facd007e260a37bc17.jar
7f4aac009000-7f4aac00e000 r--s 000a3000 08:14 23470487                   /usr/lib/jvm/java-8-openjdk-amd64/jre/lib/jsse.jar
7f4aac00e000-7f4aac010000 r--s 00016000 08:14 23470485                   /usr/lib/jvm/java-8-openjdk-amd64/jre/lib/jce.jar
7f4aac010000-7f4aac012000 r--s 00007000 08:14 23988435                   /usr/share/java/java-atk-wrapper.jar
7f4aac012000-7f4aac017000 r--s 002f9000 08:14 23470424                   /usr/lib/jvm/java-8-openjdk-amd64/jre/lib/charsets.jar
7f4aac017000-7f4aac019000 r--s 0001f000 07:20 3695                       /snap/intellij-idea-ultimate/204/plugins/junit/lib/junit-rt.jar
7f4aac019000-7f4aac034000 r--s 001d6000 08:14 23470437                   /usr/lib/jvm/java-8-openjdk-amd64/jre/lib/ext/nashorn.jar
7f4aac034000-7f4aac47a000 rw-p 00000000 00:00 0 
7f4aac47a000-7f4aac47b000 ---p 00000000 00:00 0 
7f4aac47b000-7f4aac57b000 rw-p 00000000 00:00 0 
7f4aac57b000-7f4aac57c000 ---p 00000000 00:00 0 
7f4aac57c000-7f4aac67c000 rw-p 00000000 00:00 0 
7f4aac67c000-7f4aac67d000 ---p 00000000 00:00 0 
7f4aac67d000-7f4aac77d000 rw-p 00000000 00:00 0 
7f4aac77d000-7f4aac77e000 ---p 00000000 00:00 0 
7f4aac77e000-7f4aac87e000 rw-p 00000000 00:00 0 
7f4aac87e000-7f4aac87f000 ---p 00000000 00:00 0 
7f4aac87f000-7f4aac97f000 rw-p 00000000 00:00 0 
7f4aac97f000-7f4aac980000 ---p 00000000 00:00 0 
7f4aac980000-7f4aaca80000 rw-p 00000000 00:00 0 
7f4aaca80000-7f4aaca81000 ---p 00000000 00:00 0 
7f4aaca81000-7f4aacb81000 rw-p 00000000 00:00 0 
7f4aacb81000-7f4aacb82000 ---p 00000000 00:00 0 
7f4aacb82000-7f4aacca3000 rw-p 00000000 00:00 0 
7f4aacca3000-7f4aad042000 ---p 00000000 00:00 0 
7f4aad042000-7f4aad04a000 r-xp 00000000 08:14 23470421                   /usr/lib/jvm/java-8-openjdk-amd64/jre/lib/amd64/libzip.so
7f4aad04a000-7f4aad249000 ---p 00008000 08:14 23470421                   /usr/lib/jvm/java-8-openjdk-amd64/jre/lib/amd64/libzip.so
7f4aad249000-7f4aad24a000 r--p 00007000 08:14 23470421                   /usr/lib/jvm/java-8-openjdk-amd64/jre/lib/amd64/libzip.so
7f4aad24a000-7f4aad24b000 rw-p 00008000 08:14 23470421                   /usr/lib/jvm/java-8-openjdk-amd64/jre/lib/amd64/libzip.so
7f4aad24b000-7f4aad256000 r-xp 00000000 08:14 23204585                   /lib/x86_64-linux-gnu/libnss_files-2.27.so
7f4aad256000-7f4aad455000 ---p 0000b000 08:14 23204585                   /lib/x86_64-linux-gnu/libnss_files-2.27.so
7f4aad455000-7f4aad456000 r--p 0000a000 08:14 23204585                   /lib/x86_64-linux-gnu/libnss_files-2.27.so
7f4aad456000-7f4aad457000 rw-p 0000b000 08:14 23204585                   /lib/x86_64-linux-gnu/libnss_files-2.27.so
7f4aad457000-7f4aad45d000 rw-p 00000000 00:00 0 
7f4aad45d000-7f4aad474000 r-xp 00000000 08:14 23204579                   /lib/x86_64-linux-gnu/libnsl-2.27.so
7f4aad474000-7f4aad673000 ---p 00017000 08:14 23204579                   /lib/x86_64-linux-gnu/libnsl-2.27.so
7f4aad673000-7f4aad674000 r--p 00016000 08:14 23204579                   /lib/x86_64-linux-gnu/libnsl-2.27.so
7f4aad674000-7f4aad675000 rw-p 00017000 08:14 23204579                   /lib/x86_64-linux-gnu/libnsl-2.27.so
7f4aad675000-7f4aad677000 rw-p 00000000 00:00 0 
7f4aad677000-7f4aad682000 r-xp 00000000 08:14 23204596                   /lib/x86_64-linux-gnu/libnss_nis-2.27.so
7f4aad682000-7f4aad881000 ---p 0000b000 08:14 23204596                   /lib/x86_64-linux-gnu/libnss_nis-2.27.so
7f4aad881000-7f4aad882000 r--p 0000a000 08:14 23204596                   /lib/x86_64-linux-gnu/libnss_nis-2.27.so
7f4aad882000-7f4aad883000 rw-p 0000b000 08:14 23204596                   /lib/x86_64-linux-gnu/libnss_nis-2.27.so
7f4aad883000-7f4aad88b000 r-xp 00000000 08:14 23204581                   /lib/x86_64-linux-gnu/libnss_compat-2.27.so
7f4aad88b000-7f4aada8b000 ---p 00008000 08:14 23204581                   /lib/x86_64-linux-gnu/libnss_compat-2.27.so
7f4aada8b000-7f4aada8c000 r--p 00008000 08:14 23204581                   /lib/x86_64-linux-gnu/libnss_compat-2.27.so
7f4aada8c000-7f4aada8d000 rw-p 00009000 08:14 23204581                   /lib/x86_64-linux-gnu/libnss_compat-2.27.so
7f4aada8d000-7f4aada97000 r-xp 00000000 08:14 23469956                   /usr/lib/jvm/java-8-openjdk-amd64/jre/lib/amd64/libinstrument.so
7f4aada97000-7f4aadc96000 ---p 0000a000 08:14 23469956                   /usr/lib/jvm/java-8-openjdk-amd64/jre/lib/amd64/libinstrument.so
7f4aadc96000-7f4aadc97000 r--p 00009000 08:14 23469956                   /usr/lib/jvm/java-8-openjdk-amd64/jre/lib/amd64/libinstrument.so
7f4aadc97000-7f4aadc98000 rw-p 0000a000 08:14 23469956                   /usr/lib/jvm/java-8-openjdk-amd64/jre/lib/amd64/libinstrument.so
7f4aadc98000-7f4aadcc2000 r-xp 00000000 08:14 23470282                   /usr/lib/jvm/java-8-openjdk-amd64/jre/lib/amd64/libjava.so
7f4aadcc2000-7f4aadec1000 ---p 0002a000 08:14 23470282                   /usr/lib/jvm/java-8-openjdk-amd64/jre/lib/amd64/libjava.so
7f4aadec1000-7f4aadec2000 r--p 00029000 08:14 23470282                   /usr/lib/jvm/java-8-openjdk-amd64/jre/lib/amd64/libjava.so
7f4aadec2000-7f4aadec4000 rw-p 0002a000 08:14 23470282                   /usr/lib/jvm/java-8-openjdk-amd64/jre/lib/amd64/libjava.so
7f4aadec4000-7f4aaded4000 r-xp 00000000 08:14 23470420                   /usr/lib/jvm/java-8-openjdk-amd64/jre/lib/amd64/libverify.so
7f4aaded4000-7f4aae0d3000 ---p 00010000 08:14 23470420                   /usr/lib/jvm/java-8-openjdk-amd64/jre/lib/amd64/libverify.so
7f4aae0d3000-7f4aae0d5000 r--p 0000f000 08:14 23470420                   /usr/lib/jvm/java-8-openjdk-amd64/jre/lib/amd64/libverify.so
7f4aae0d5000-7f4aae0d6000 rw-p 00011000 08:14 23470420                   /usr/lib/jvm/java-8-openjdk-amd64/jre/lib/amd64/libverify.so
7f4aae0d6000-7f4aae0dd000 r-xp 00000000 08:14 23204636                   /lib/x86_64-linux-gnu/librt-2.27.so
7f4aae0dd000-7f4aae2dc000 ---p 00007000 08:14 23204636                   /lib/x86_64-linux-gnu/librt-2.27.so
7f4aae2dc000-7f4aae2dd000 r--p 00006000 08:14 23204636                   /lib/x86_64-linux-gnu/librt-2.27.so
7f4aae2dd000-7f4aae2de000 rw-p 00007000 08:14 23204636                   /lib/x86_64-linux-gnu/librt-2.27.so
7f4aae2de000-7f4aae2f5000 r-xp 00000000 08:14 23207308                   /lib/x86_64-linux-gnu/libgcc_s.so.1
7f4aae2f5000-7f4aae4f4000 ---p 00017000 08:14 23207308                   /lib/x86_64-linux-gnu/libgcc_s.so.1
7f4aae4f4000-7f4aae4f5000 r--p 00016000 08:14 23207308                   /lib/x86_64-linux-gnu/libgcc_s.so.1
7f4aae4f5000-7f4aae4f6000 rw-p 00017000 08:14 23207308                   /lib/x86_64-linux-gnu/libgcc_s.so.1
7f4aae4f6000-7f4aae693000 r-xp 00000000 08:14 23204558                   /lib/x86_64-linux-gnu/libm-2.27.so
7f4aae693000-7f4aae892000 ---p 0019d000 08:14 23204558                   /lib/x86_64-linux-gnu/libm-2.27.so
7f4aae892000-7f4aae893000 r--p 0019c000 08:14 23204558                   /lib/x86_64-linux-gnu/libm-2.27.so
7f4aae893000-7f4aae894000 rw-p 0019d000 08:14 23204558                   /lib/x86_64-linux-gnu/libm-2.27.so
7f4aae894000-7f4aaea0d000 r-xp 00000000 08:14 23471554                   /usr/lib/x86_64-linux-gnu/libstdc++.so.6.0.25
7f4aaea0d000-7f4aaec0d000 ---p 00179000 08:14 23471554                   /usr/lib/x86_64-linux-gnu/libstdc++.so.6.0.25
7f4aaec0d000-7f4aaec17000 r--p 00179000 08:14 23471554                   /usr/lib/x86_64-linux-gnu/libstdc++.so.6.0.25
7f4aaec17000-7f4aaec19000 rw-p 00183000 08:14 23471554                   /usr/lib/x86_64-linux-gnu/libstdc++.so.6.0.25
7f4aaec19000-7f4aaec1d000 rw-p 00000000 00:00 0 
7f4aaec1d000-7f4aaf8c0000 r-xp 00000000 08:14 23470423                   /usr/lib/jvm/java-8-openjdk-amd64/jre/lib/amd64/server/libjvm.so
7f4aaf8c0000-7f4aafac0000 ---p 00ca3000 08:14 23470423                   /usr/lib/jvm/java-8-openjdk-amd64/jre/lib/amd64/server/libjvm.so
7f4aafac0000-7f4aafb54000 r--p 00ca3000 08:14 23470423                   /usr/lib/jvm/java-8-openjdk-amd64/jre/lib/amd64/server/libjvm.so
7f4aafb54000-7f4aafb7d000 rw-p 00d37000 08:14 23470423                   /usr/lib/jvm/java-8-openjdk-amd64/jre/lib/amd64/server/libjvm.so
7f4aafb7d000-7f4aafbad000 rw-p 00000000 00:00 0 
7f4aafbad000-7f4aafbc7000 r-xp 00000000 08:14 23204628                   /lib/x86_64-linux-gnu/libpthread-2.27.so
7f4aafbc7000-7f4aafdc6000 ---p 0001a000 08:14 23204628                   /lib/x86_64-linux-gnu/libpthread-2.27.so
7f4aafdc6000-7f4aafdc7000 r--p 00019000 08:14 23204628                   /lib/x86_64-linux-gnu/libpthread-2.27.so
7f4aafdc7000-7f4aafdc8000 rw-p 0001a000 08:14 23204628                   /lib/x86_64-linux-gnu/libpthread-2.27.so
7f4aafdc8000-7f4aafdcc000 rw-p 00000000 00:00 0 
7f4aafdcc000-7f4aafdcf000 r-xp 00000000 08:14 23204518                   /lib/x86_64-linux-gnu/libdl-2.27.so
7f4aafdcf000-7f4aaffce000 ---p 00003000 08:14 23204518                   /lib/x86_64-linux-gnu/libdl-2.27.so
7f4aaffce000-7f4aaffcf000 r--p 00002000 08:14 23204518                   /lib/x86_64-linux-gnu/libdl-2.27.so
7f4aaffcf000-7f4aaffd0000 rw-p 00003000 08:14 23204518                   /lib/x86_64-linux-gnu/libdl-2.27.so
7f4aaffd0000-7f4aaffec000 r-xp 00000000 08:14 23204667                   /lib/x86_64-linux-gnu/libz.so.1.2.11
7f4aaffec000-7f4ab01eb000 ---p 0001c000 08:14 23204667                   /lib/x86_64-linux-gnu/libz.so.1.2.11
7f4ab01eb000-7f4ab01ec000 r--p 0001b000 08:14 23204667                   /lib/x86_64-linux-gnu/libz.so.1.2.11
7f4ab01ec000-7f4ab01ed000 rw-p 0001c000 08:14 23204667                   /lib/x86_64-linux-gnu/libz.so.1.2.11
7f4ab01ed000-7f4ab03d4000 r-xp 00000000 08:14 23204495                   /lib/x86_64-linux-gnu/libc-2.27.so
7f4ab03d4000-7f4ab05d4000 ---p 001e7000 08:14 23204495                   /lib/x86_64-linux-gnu/libc-2.27.so
7f4ab05d4000-7f4ab05d8000 r--p 001e7000 08:14 23204495                   /lib/x86_64-linux-gnu/libc-2.27.so
7f4ab05d8000-7f4ab05da000 rw-p 001eb000 08:14 23204495                   /lib/x86_64-linux-gnu/libc-2.27.so
7f4ab05da000-7f4ab05de000 rw-p 00000000 00:00 0 
7f4ab05de000-7f4ab05ec000 r-xp 00000000 08:14 23469947                   /usr/lib/jvm/java-8-openjdk-amd64/jre/lib/amd64/jli/libjli.so
7f4ab05ec000-7f4ab07eb000 ---p 0000e000 08:14 23469947                   /usr/lib/jvm/java-8-openjdk-amd64/jre/lib/amd64/jli/libjli.so
7f4ab07eb000-7f4ab07ec000 r--p 0000d000 08:14 23469947                   /usr/lib/jvm/java-8-openjdk-amd64/jre/lib/amd64/jli/libjli.so
7f4ab07ec000-7f4ab07ed000 rw-p 0000e000 08:14 23469947                   /usr/lib/jvm/java-8-openjdk-amd64/jre/lib/amd64/jli/libjli.so
7f4ab07ed000-7f4ab0814000 r-xp 00000000 08:14 23204467                   /lib/x86_64-linux-gnu/ld-2.27.so
7f4ab0814000-7f4ab0815000 r--s 00000000 08:14 23470489                   /usr/lib/jvm/java-8-openjdk-amd64/jre/lib/management-agent.jar
7f4ab0815000-7f4ab0816000 r--s 0000a000 07:20 3696                       /snap/intellij-idea-ultimate/204/plugins/junit/lib/junit5-rt.jar
7f4ab0816000-7f4ab0819000 r--s 0001c000 07:20 604                        /snap/intellij-idea-ultimate/204/lib/idea_rt.jar
7f4ab0819000-7f4ab081a000 r--s 00010000 08:14 23470441                   /usr/lib/jvm/java-8-openjdk-amd64/jre/lib/ext/zipfs.jar
7f4ab081a000-7f4ab081b000 r--s 0000a000 08:14 23470435                   /usr/lib/jvm/java-8-openjdk-amd64/jre/lib/ext/jaccess.jar
7f4ab081b000-7f4ab0820000 r--s 0003d000 08:14 23470439                   /usr/lib/jvm/java-8-openjdk-amd64/jre/lib/ext/sunjce_provider.jar
7f4ab0820000-7f4ab0821000 r--s 0000d000 08:14 23470438                   /usr/lib/jvm/java-8-openjdk-amd64/jre/lib/ext/sunec.jar
7f4ab0821000-7f4ab0823000 r--s 00001000 08:14 23470433                   /usr/lib/jvm/java-8-openjdk-amd64/jre/lib/ext/dnsns.jar
7f4ab0823000-7f4ab0825000 r--s 00007000 08:14 23988435                   /usr/share/java/java-atk-wrapper.jar
7f4ab0825000-7f4ab0829000 r--s 0003a000 08:14 23470440                   /usr/lib/jvm/java-8-openjdk-amd64/jre/lib/ext/sunpkcs11.jar
7f4ab0829000-7f4ab08f8000 rw-p 00000000 00:00 0 
7f4ab08f8000-7f4ab08f9000 ---p 00000000 00:00 0 
7f4ab08f9000-7f4ab08fc000 ---p 00000000 00:00 0 
7f4ab08fc000-7f4ab09fb000 rw-p 00000000 00:00 0 
7f4ab09fb000-7f4ab0a05000 r--s 00116000 08:14 23470436                   /usr/lib/jvm/java-8-openjdk-amd64/jre/lib/ext/localedata.jar
7f4ab0a05000-7f4ab0a08000 r--s 0000f000 08:14 23470434                   /usr/lib/jvm/java-8-openjdk-amd64/jre/lib/ext/icedtea-sound.jar
7f4ab0a08000-7f4ab0a10000 rw-s 00000000 08:14 2098425                    /tmp/hsperfdata_leo/29540
7f4ab0a10000-7f4ab0a11000 rw-p 00000000 00:00 0 
7f4ab0a11000-7f4ab0a12000 r--p 00000000 00:00 0 
7f4ab0a12000-7f4ab0a14000 rw-p 00000000 00:00 0 
7f4ab0a14000-7f4ab0a15000 r--p 00027000 08:14 23204467                   /lib/x86_64-linux-gnu/ld-2.27.so
7f4ab0a15000-7f4ab0a16000 rw-p 00028000 08:14 23204467                   /lib/x86_64-linux-gnu/ld-2.27.so
7f4ab0a16000-7f4ab0a17000 rw-p 00000000 00:00 0 
7ffeb590b000-7ffeb592d000 rw-p 00000000 00:00 0                          [stack]
7ffeb5932000-7ffeb5935000 r--p 00000000 00:00 0                          [vvar]
7ffeb5935000-7ffeb5937000 r-xp 00000000 00:00 0                          [vdso]
ffffffffff600000-ffffffffff601000 r-xp 00000000 00:00 0                  [vsyscall]

VM Arguments:
jvm_args: -ea -Xmx28g -XX:+UseConcMarkSweepGC -Didea.test.cyclic.buffer.size=1048576 -javaagent:/snap/intellij-idea-ultimate/204/lib/idea_rt.jar=36155:/snap/intellij-idea-ultimate/204/bin -Dfile.encoding=UTF-8 
java_command: com.intellij.rt.junit.JUnitStarter -ideVersion5 -junit4 TestPreprocessing
java_class_path (initial): /snap/intellij-idea-ultimate/204/lib/idea_rt.jar:/snap/intellij-idea-ultimate/204/plugins/junit/lib/junit5-rt.jar:/snap/intellij-idea-ultimate/204/plugins/junit/lib/junit-rt.jar:/usr/lib/jvm/java-1.8.0-openjdk-amd64/jre/lib/charsets.jar:/usr/lib/jvm/java-1.8.0-openjdk-amd64/jre/lib/ext/cldrdata.jar:/usr/lib/jvm/java-1.8.0-openjdk-amd64/jre/lib/ext/dnsns.jar:/usr/lib/jvm/java-1.8.0-openjdk-amd64/jre/lib/ext/icedtea-sound.jar:/usr/lib/jvm/java-1.8.0-openjdk-amd64/jre/lib/ext/jaccess.jar:/usr/lib/jvm/java-1.8.0-openjdk-amd64/jre/lib/ext/java-atk-wrapper.jar:/usr/lib/jvm/java-1.8.0-openjdk-amd64/jre/lib/ext/localedata.jar:/usr/lib/jvm/java-1.8.0-openjdk-amd64/jre/lib/ext/nashorn.jar:/usr/lib/jvm/java-1.8.0-openjdk-amd64/jre/lib/ext/sunec.jar:/usr/lib/jvm/java-1.8.0-openjdk-amd64/jre/lib/ext/sunjce_provider.jar:/usr/lib/jvm/java-1.8.0-openjdk-amd64/jre/lib/ext/sunpkcs11.jar:/usr/lib/jvm/java-1.8.0-openjdk-amd64/jre/lib/ext/zipfs.jar:/usr/lib/jvm/java-1.8.0-openjdk-amd64/jre/lib/jce.jar:/usr/lib/jvm/java-1.8.0-openjdk-amd64/jre/lib/jsse.jar:/usr/lib/jvm/java-1.8.0-openjdk-amd64/jre/lib/management-agent.jar:/usr/lib/jvm/java-1.8.0-openjdk-amd64/jre/lib/resources.jar:/usr/lib/jvm/java-1.8.0-openjdk-amd64/jre/lib/rt.jar:/home/leo/Schreibtisch/ma-preprocessing/target/test-classes:/home/leo/Schreibtisch/ma-preprocessing/target/classes:/home/leo/.m2/repository/com/github/SENERGY-Platform/analytics-operator-lib/bf1bf0b2a92d2c7b21c236facd007e260a37bc17/analytics-operator-lib-bf1bf0b2a92d2c7b21c236facd007e260a37bc17.jar:/home/leo/.m2/repository/org/apache/kafka/kafka-streams/1.1.1/kafka-streams-1.1.1.jar:/home/leo/.m2/repository/org/apache/kafka/connect-json/1.1.1/connect-json-1.1.1.jar:/home/leo/.m2/repository/org/apache/kafka/connect-api/1.1.1/connect-api-1.1.1.jar:/home/leo/.m2/repository/org/slf4j/slf4j-api/1.7.25/slf4j-api-1.7.25.jar:/home/leo/.m2/repository/org/apache/kafka/kafka_2.11/1.1.1/kafka_2.11-1.1.1.jar:/home/leo/.m2/repository/com/faster
Launcher Type: SUN_STANDARD

Environment Variables:
PATH=/home/leo/.local/bin:/usr/local/sbin:/usr/local/bin:/usr/sbin:/usr/bin:/sbin:/bin:/usr/games:/usr/local/games:/opt/gfie-3.6:/snap/bin
USERNAME=leo
SHELL=/bin/bash
DISPLAY=:0

Signal Handlers:
SIGSEGV: [libjvm.so+0xabc3b0], sa_mask[0]=11111111011111111101111111111110, sa_flags=SA_RESTART|SA_SIGINFO
SIGBUS: [libjvm.so+0xabc3b0], sa_mask[0]=11111111011111111101111111111110, sa_flags=SA_RESTART|SA_SIGINFO
SIGFPE: [libjvm.so+0x8f0bb0], sa_mask[0]=11111111011111111101111111111110, sa_flags=SA_RESTART|SA_SIGINFO
SIGPIPE: [libjvm.so+0x8f0bb0], sa_mask[0]=11111111011111111101111111111110, sa_flags=SA_RESTART|SA_SIGINFO
SIGXFSZ: [libjvm.so+0x8f0bb0], sa_mask[0]=11111111011111111101111111111110, sa_flags=SA_RESTART|SA_SIGINFO
SIGILL: [libjvm.so+0x8f0bb0], sa_mask[0]=11111111011111111101111111111110, sa_flags=SA_RESTART|SA_SIGINFO
SIGUSR1: SIG_DFL, sa_mask[0]=00000000000000000000000000000000, sa_flags=none
SIGUSR2: [libjvm.so+0x8f0a60], sa_mask[0]=00100000000000000000000000000000, sa_flags=SA_RESTART|SA_SIGINFO
SIGHUP: [libjvm.so+0x8f10d0], sa_mask[0]=11111111011111111101111111111110, sa_flags=SA_RESTART|SA_SIGINFO
SIGINT: [libjvm.so+0x8f10d0], sa_mask[0]=11111111011111111101111111111110, sa_flags=SA_RESTART|SA_SIGINFO
SIGTERM: [libjvm.so+0x8f10d0], sa_mask[0]=11111111011111111101111111111110, sa_flags=SA_RESTART|SA_SIGINFO
SIGQUIT: [libjvm.so+0x8f10d0], sa_mask[0]=11111111011111111101111111111110, sa_flags=SA_RESTART|SA_SIGINFO


---------------  S Y S T E M  ---------------

OS:DISTRIB_ID=Ubuntu
DISTRIB_RELEASE=18.04
DISTRIB_CODENAME=bionic
DISTRIB_DESCRIPTION="Ubuntu 18.04.4 LTS"

uname:Linux 4.15.0-91-generic #92-Ubuntu SMP Fri Feb 28 11:09:48 UTC 2020 x86_64
libc:glibc 2.27 NPTL 2.27 
rlimit: STACK 8192k, CORE 0k, NPROC 127750, NOFILE 1048576, AS infinity
load average:6,05 3,27 1,49

/proc/meminfo:
MemTotal:       32897904 kB
MemFree:         2016860 kB
MemAvailable:    6635548 kB
Buffers:          463776 kB
Cached:          4602240 kB
SwapCached:          104 kB
Active:         27531580 kB
Inactive:        2462100 kB
Active(anon):   23774456 kB
Inactive(anon):  1514264 kB
Active(file):    3757124 kB
Inactive(file):   947836 kB
Unevictable:          52 kB
Mlocked:              52 kB
SwapTotal:       2097148 kB
SwapFree:        2088444 kB
Dirty:             43636 kB
Writeback:             0 kB
AnonPages:      24927864 kB
Mapped:          1120508 kB
Shmem:            363388 kB
Slab:             469116 kB
SReclaimable:     378708 kB
SUnreclaim:        90408 kB
KernelStack:       30384 kB
PageTables:       124612 kB
NFS_Unstable:          0 kB
Bounce:                0 kB
WritebackTmp:          0 kB
CommitLimit:    18546100 kB
Committed_AS:   38324588 kB
VmallocTotal:   34359738367 kB
VmallocUsed:           0 kB
VmallocChunk:          0 kB
HardwareCorrupted:     0 kB
AnonHugePages:         0 kB
ShmemHugePages:        0 kB
ShmemPmdMapped:        0 kB
CmaTotal:              0 kB
CmaFree:               0 kB
HugePages_Total:       0
HugePages_Free:        0
HugePages_Rsvd:        0
HugePages_Surp:        0
Hugepagesize:       2048 kB
DirectMap4k:     1045304 kB
DirectMap2M:    24078336 kB
DirectMap1G:     8388608 kB

container (cgroup) information:
container_type: cgroupv1
cpu_cpuset_cpus: 0-7
cpu_memory_nodes: 0
active_processor_count: 8
cpu_quota: -1
cpu_period: 100000
cpu_shares: -1
memory_limit_in_bytes: -1
memory_and_swap_limit_in_bytes: -2
memory_soft_limit_in_bytes: -1
memory_usage_in_bytes: 30713856000
memory_max_usage_in_bytes: 323706880


CPU:total 8 (initial active 8) (4 cores per cpu, 2 threads per core) family 6 model 158 stepping 9, cmov, cx8, fxsr, mmx, sse, sse2, sse3, ssse3, sse4.1, sse4.2, popcnt, avx, avx2, aes, clmul, erms, rtm, 3dnowpref, lzcnt, ht, tsc, tscinvbit, bmi1, bmi2, adx

/proc/cpuinfo:
processor	: 0
vendor_id	: GenuineIntel
cpu family	: 6
model		: 158
model name	: Intel(R) Core(TM) i7-7700 CPU @ 3.60GHz
stepping	: 9
microcode	: 0xca
cpu MHz		: 4054.447
cache size	: 8192 KB
physical id	: 0
siblings	: 8
core id		: 0
cpu cores	: 4
apicid		: 0
initial apicid	: 0
fpu		: yes
fpu_exception	: yes
cpuid level	: 22
wp		: yes
flags		: fpu vme de pse tsc msr pae mce cx8 apic sep mtrr pge mca cmov pat pse36 clflush dts acpi mmx fxsr sse sse2 ss ht tm pbe syscall nx pdpe1gb rdtscp lm constant_tsc art arch_perfmon pebs bts rep_good nopl xtopology nonstop_tsc cpuid aperfmperf tsc_known_freq pni pclmulqdq dtes64 monitor ds_cpl vmx smx est tm2 ssse3 sdbg fma cx16 xtpr pdcm pcid sse4_1 sse4_2 x2apic movbe popcnt tsc_deadline_timer aes xsave avx f16c rdrand lahf_lm abm 3dnowprefetch cpuid_fault invpcid_single pti ssbd ibrs ibpb stibp tpr_shadow vnmi flexpriority ept vpid fsgsbase tsc_adjust bmi1 hle avx2 smep bmi2 erms invpcid rtm mpx rdseed adx smap clflushopt intel_pt xsaveopt xsavec xgetbv1 xsaves dtherm ida arat pln pts hwp hwp_notify hwp_act_window hwp_epp md_clear flush_l1d
bugs		: cpu_meltdown spectre_v1 spectre_v2 spec_store_bypass l1tf mds swapgs taa itlb_multihit
bogomips	: 7200.00
clflush size	: 64
cache_alignment	: 64
address sizes	: 39 bits physical, 48 bits virtual
power management:

processor	: 1
vendor_id	: GenuineIntel
cpu family	: 6
model		: 158
model name	: Intel(R) Core(TM) i7-7700 CPU @ 3.60GHz
stepping	: 9
microcode	: 0xca
cpu MHz		: 4018.357
cache size	: 8192 KB
physical id	: 0
siblings	: 8
core id		: 1
cpu cores	: 4
apicid		: 2
initial apicid	: 2
fpu		: yes
fpu_exception	: yes
cpuid level	: 22
wp		: yes
flags		: fpu vme de pse tsc msr pae mce cx8 apic sep mtrr pge mca cmov pat pse36 clflush dts acpi mmx fxsr sse sse2 ss ht tm pbe syscall nx pdpe1gb rdtscp lm constant_tsc art arch_perfmon pebs bts rep_good nopl xtopology nonstop_tsc cpuid aperfmperf tsc_known_freq pni pclmulqdq dtes64 monitor ds_cpl vmx smx est tm2 ssse3 sdbg fma cx16 xtpr pdcm pcid sse4_1 sse4_2 x2apic movbe popcnt tsc_deadline_timer aes xsave avx f16c rdrand lahf_lm abm 3dnowprefetch cpuid_fault invpcid_single pti ssbd ibrs ibpb stibp tpr_shadow vnmi flexpriority ept vpid fsgsbase tsc_adjust bmi1 hle avx2 smep bmi2 erms invpcid rtm mpx rdseed adx smap clflushopt intel_pt xsaveopt xsavec xgetbv1 xsaves dtherm ida arat pln pts hwp hwp_notify hwp_act_window hwp_epp md_clear flush_l1d
bugs		: cpu_meltdown spectre_v1 spectre_v2 spec_store_bypass l1tf mds swapgs taa itlb_multihit
bogomips	: 7200.00
clflush size	: 64
cache_alignment	: 64
address sizes	: 39 bits physical, 48 bits virtual
power management:

processor	: 2
vendor_id	: GenuineIntel
cpu family	: 6
model		: 158
model name	: Intel(R) Core(TM) i7-7700 CPU @ 3.60GHz
stepping	: 9
microcode	: 0xca
cpu MHz		: 4089.359
cache size	: 8192 KB
physical id	: 0
siblings	: 8
core id		: 2
cpu cores	: 4
apicid		: 4
initial apicid	: 4
fpu		: yes
fpu_exception	: yes
cpuid level	: 22
wp		: yes
flags		: fpu vme de pse tsc msr pae mce cx8 apic sep mtrr pge mca cmov pat pse36 clflush dts acpi mmx fxsr sse sse2 ss ht tm pbe syscall nx pdpe1gb rdtscp lm constant_tsc art arch_perfmon pebs bts rep_good nopl xtopology nonstop_tsc cpuid aperfmperf tsc_known_freq pni pclmulqdq dtes64 monitor ds_cpl vmx smx est tm2 ssse3 sdbg fma cx16 xtpr pdcm pcid sse4_1 sse4_2 x2apic movbe popcnt tsc_deadline_timer aes xsave avx f16c rdrand lahf_lm abm 3dnowprefetch cpuid_fault invpcid_single pti ssbd ibrs ibpb stibp tpr_shadow vnmi flexpriority ept vpid fsgsbase tsc_adjust bmi1 hle avx2 smep bmi2 erms invpcid rtm mpx rdseed adx smap clflushopt intel_pt xsaveopt xsavec xgetbv1 xsaves dtherm ida arat pln pts hwp hwp_notify hwp_act_window hwp_epp md_clear flush_l1d
bugs		: cpu_meltdown spectre_v1 spectre_v2 spec_store_bypass l1tf mds swapgs taa itlb_multihit
bogomips	: 7200.00
clflush size	: 64
cache_alignment	: 64
address sizes	: 39 bits physical, 48 bits virtual
power management:

processor	: 3
vendor_id	: GenuineIntel
cpu family	: 6
model		: 158
model name	: Intel(R) Core(TM) i7-7700 CPU @ 3.60GHz
stepping	: 9
microcode	: 0xca
cpu MHz		: 4088.888
cache size	: 8192 KB
physical id	: 0
siblings	: 8
core id		: 3
cpu cores	: 4
apicid		: 6
initial apicid	: 6
fpu		: yes
fpu_exception	: yes
cpuid level	: 22
wp		: yes
flags		: fpu vme de pse tsc msr pae mce cx8 apic sep mtrr pge mca cmov pat pse36 clflush dts acpi mmx fxsr sse sse2 ss ht tm pbe syscall nx pdpe1gb rdtscp lm constant_tsc art arch_perfmon pebs bts rep_good nopl xtopology nonstop_tsc cpuid aperfmperf tsc_known_freq pni pclmulqdq dtes64 monitor ds_cpl vmx smx est tm2 ssse3 sdbg fma cx16 xtpr pdcm pcid sse4_1 sse4_2 x2apic movbe popcnt tsc_deadline_timer aes xsave avx f16c rdrand lahf_lm abm 3dnowprefetch cpuid_fault invpcid_single pti ssbd ibrs ibpb stibp tpr_shadow vnmi flexpriority ept vpid fsgsbase tsc_adjust bmi1 hle avx2 smep bmi2 erms invpcid rtm mpx rdseed adx smap clflushopt intel_pt xsaveopt xsavec xgetbv1 xsaves dtherm ida arat pln pts hwp hwp_notify hwp_act_window hwp_epp md_clear flush_l1d
bugs		: cpu_meltdown spectre_v1 spectre_v2 spec_store_bypass l1tf mds swapgs taa itlb_multihit
bogomips	: 7200.00
clflush size	: 64
cache_alignment	: 64
address sizes	: 39 bits physical, 48 bits virtual
power management:

processor	: 4
vendor_id	: GenuineIntel
cpu family	: 6
model		: 158
model name	: Intel(R) Core(TM) i7-7700 CPU @ 3.60GHz
stepping	: 9
microcode	: 0xca
cpu MHz		: 4051.984
cache size	: 8192 KB
physical id	: 0
siblings	: 8
core id		: 0
cpu cores	: 4
apicid		: 1
initial apicid	: 1
fpu		: yes
fpu_exception	: yes
cpuid level	: 22
wp		: yes
flags		: fpu vme de pse tsc msr pae mce cx8 apic sep mtrr pge mca cmov pat pse36 clflush dts acpi mmx fxsr sse sse2 ss ht tm pbe syscall nx pdpe1gb rdtscp lm constant_tsc art arch_perfmon pebs bts rep_good nopl xtopology nonstop_tsc cpuid aperfmperf tsc_known_freq pni pclmulqdq dtes64 monitor ds_cpl vmx smx est tm2 ssse3 sdbg fma cx16 xtpr pdcm pcid sse4_1 sse4_2 x2apic movbe popcnt tsc_deadline_timer aes xsave avx f16c rdrand lahf_lm abm 3dnowprefetch cpuid_fault invpcid_single pti ssbd ibrs ibpb stibp tpr_shadow vnmi flexpriority ept vpid fsgsbase tsc_adjust bmi1 hle avx2 smep bmi2 erms invpcid rtm mpx rdseed adx smap clflushopt intel_pt xsaveopt xsavec xgetbv1 xsaves dtherm ida arat pln pts hwp hwp_notify hwp_act_window hwp_epp md_clear flush_l1d
bugs		: cpu_meltdown spectre_v1 spectre_v2 spec_store_bypass l1tf mds swapgs taa itlb_multihit
bogomips	: 7200.00
clflush size	: 64
cache_alignment	: 64
address sizes	: 39 bits physical, 48 bits virtual
power management:

processor	: 5
vendor_id	: GenuineIntel
cpu family	: 6
model		: 158
model name	: Intel(R) Core(TM) i7-7700 CPU @ 3.60GHz
stepping	: 9
microcode	: 0xca
cpu MHz		: 4060.635
cache size	: 8192 KB
physical id	: 0
siblings	: 8
core id		: 1
cpu cores	: 4
apicid		: 3
initial apicid	: 3
fpu		: yes
fpu_exception	: yes
cpuid level	: 22
wp		: yes
flags		: fpu vme de pse tsc msr pae mce cx8 apic sep mtrr pge mca cmov pat pse36 clflush dts acpi mmx fxsr sse sse2 ss ht tm pbe syscall nx pdpe1gb rdtscp lm constant_tsc art arch_perfmon pebs bts rep_good nopl xtopology nonstop_tsc cpuid aperfmperf tsc_known_freq pni pclmulqdq dtes64 monitor ds_cpl vmx smx est tm2 ssse3 sdbg fma cx16 xtpr pdcm pcid sse4_1 sse4_2 x2apic movbe popcnt tsc_deadline_timer aes xsave avx f16c rdrand lahf_lm abm 3dnowprefetch cpuid_fault invpcid_single pti ssbd ibrs ibpb stibp tpr_shadow vnmi flexpriority ept vpid fsgsbase tsc_adjust bmi1 hle avx2 smep bmi2 erms invpcid rtm mpx rdseed adx smap clflushopt intel_pt xsaveopt xsavec xgetbv1 xsaves dtherm ida arat pln pts hwp hwp_notify hwp_act_window hwp_epp md_clear flush_l1d
bugs		: cpu_meltdown spectre_v1 spectre_v2 spec_store_bypass l1tf mds swapgs taa itlb_multihit
bogomips	: 7200.00
clflush size	: 64
cache_alignment	: 64
address sizes	: 39 bits physical, 48 bits virtual
power management:

processor	: 6
vendor_id	: GenuineIntel
cpu family	: 6
model		: 158
model name	: Intel(R) Core(TM) i7-7700 CPU @ 3.60GHz
stepping	: 9
microcode	: 0xca
cpu MHz		: 4060.365
cache size	: 8192 KB
physical id	: 0
siblings	: 8
core id		: 2
cpu cores	: 4
apicid		: 5
initial apicid	: 5
fpu		: yes
fpu_exception	: yes
cpuid level	: 22
wp		: yes
flags		: fpu vme de pse tsc msr pae mce cx8 apic sep mtrr pge mca cmov pat pse36 clflush dts acpi mmx fxsr sse sse2 ss ht tm pbe syscall nx pdpe1gb rdtscp lm constant_tsc art arch_perfmon pebs bts rep_good nopl xtopology nonstop_tsc cpuid aperfmperf tsc_known_freq pni pclmulqdq dtes64 monitor ds_cpl vmx smx est tm2 ssse3 sdbg fma cx16 xtpr pdcm pcid sse4_1 sse4_2 x2apic movbe popcnt tsc_deadline_timer aes xsave avx f16c rdrand lahf_lm abm 3dnowprefetch cpuid_fault invpcid_single pti ssbd ibrs ibpb stibp tpr_shadow vnmi flexpriority ept vpid fsgsbase tsc_adjust bmi1 hle avx2 smep bmi2 erms invpcid rtm mpx rdseed adx smap clflushopt intel_pt xsaveopt xsavec xgetbv1 xsaves dtherm ida arat pln pts hwp hwp_notify hwp_act_window hwp_epp md_clear flush_l1d
bugs		: cpu_meltdown spectre_v1 spectre_v2 spec_store_bypass l1tf mds swapgs taa itlb_multihit
bogomips	: 7200.00
clflush size	: 64
cache_alignment	: 64
address sizes	: 39 bits physical, 48 bits virtual
power management:

processor	: 7
vendor_id	: GenuineIntel
cpu family	: 6
model		: 158
model name	: Intel(R) Core(TM) i7-7700 CPU @ 3.60GHz
stepping	: 9
microcode	: 0xca
cpu MHz		: 4089.286
cache size	: 8192 KB
physical id	: 0
siblings	: 8
core id		: 3
cpu cores	: 4
apicid		: 7
initial apicid	: 7
fpu		: yes
fpu_exception	: yes
cpuid level	: 22
wp		: yes
flags		: fpu vme de pse tsc msr pae mce cx8 apic sep mtrr pge mca cmov pat pse36 clflush dts acpi mmx fxsr sse sse2 ss ht tm pbe syscall nx pdpe1gb rdtscp lm constant_tsc art arch_perfmon pebs bts rep_good nopl xtopology nonstop_tsc cpuid aperfmperf tsc_known_freq pni pclmulqdq dtes64 monitor ds_cpl vmx smx est tm2 ssse3 sdbg fma cx16 xtpr pdcm pcid sse4_1 sse4_2 x2apic movbe popcnt tsc_deadline_timer aes xsave avx f16c rdrand lahf_lm abm 3dnowprefetch cpuid_fault invpcid_single pti ssbd ibrs ibpb stibp tpr_shadow vnmi flexpriority ept vpid fsgsbase tsc_adjust bmi1 hle avx2 smep bmi2 erms invpcid rtm mpx rdseed adx smap clflushopt intel_pt xsaveopt xsavec xgetbv1 xsaves dtherm ida arat pln pts hwp hwp_notify hwp_act_window hwp_epp md_clear flush_l1d
bugs		: cpu_meltdown spectre_v1 spectre_v2 spec_store_bypass l1tf mds swapgs taa itlb_multihit
bogomips	: 7200.00
clflush size	: 64
cache_alignment	: 64
address sizes	: 39 bits physical, 48 bits virtual
power management:



Memory: 4k page, physical 32897904k(2016720k free), swap 2097148k(2088444k free)

vm_info: OpenJDK 64-Bit Server VM (25.242-b08) for linux-amd64 JRE (1.8.0_242-8u242-b08-0ubuntu3~18.04-b08), built on Jan 17 2020 23:41:21 by "buildd" with gcc 7.4.0

time: Thu Mar 26 09:16:42 2020
timezone: CET
elapsed time: 111 seconds (0d 0h 1m 51s)

